/*C32*/SET SCHEMA PUBLIC
DELETE FROM NOTE WHERE ID=52
INSERT INTO NOTE VALUES(52,'Teste para o Spring dasdaBoot','Nokia')
COMMIT
DELETE FROM NOTE WHERE ID=52
INSERT INTO NOTE VALUES(52,'Teste para o Spring dasdaBoot','Nojia')
COMMIT
INSERT INTO NOTE VALUES(102,'Teste para o Spring dasdaBoot','Nojia')
ALTER SEQUENCE PUBLIC.NOTE_SEQ RESTART WITH 201
COMMIT
DISCONNECT
/*C33*/SET SCHEMA PUBLIC
DISCONNECT
/*C34*/SET SCHEMA PUBLIC
DISCONNECT
/*C35*/SET SCHEMA PUBLIC
DISCONNECT
/*C36*/SET SCHEMA PUBLIC
DISCONNECT
/*C37*/SET SCHEMA PUBLIC
DISCONNECT
/*C38*/SET SCHEMA PUBLIC
DISCONNECT
/*C39*/SET SCHEMA PUBLIC
DISCONNECT
/*C40*/SET SCHEMA PUBLIC
DISCONNECT
/*C41*/SET SCHEMA PUBLIC
DISCONNECT
